
vmon_batt_switchover.elf:     file format elf32-littleriscv
vmon_batt_switchover.elf
architecture: riscv:rv32, flags 0x00000112:
EXEC_P, HAS_SYMS, D_PAGED
start address 0x00000000

Program Header:
    LOAD off    0x00001000 vaddr 0x00000000 paddr 0x00000000 align 2**12
         filesz 0x0000094c memsz 0x0000094c flags r-x
    LOAD off    0x00002000 vaddr 0x20000000 paddr 0x0000094c align 2**12
         filesz 0x00000018 memsz 0x0000001c flags rw-
    LOAD off    0x00002700 vaddr 0x20000700 paddr 0x20000700 align 2**12
         filesz 0x00000000 memsz 0x00000100 flags rw-

Sections:
Idx Name          Size      VMA       LMA       File off  Algn
  0 .init         000000a0  00000000  00000000  00001000  2**2
                  CONTENTS, ALLOC, LOAD, READONLY, CODE
  1 .text         000008ac  000000a0  000000a0  000010a0  2**2
                  CONTENTS, ALLOC, LOAD, READONLY, CODE
  2 .fini         00000000  0000094c  0000094c  00002018  2**0
                  CONTENTS, ALLOC, LOAD, CODE
  3 .dalign       00000000  20000000  20000000  00002018  2**0
                  CONTENTS
  4 .dlalign      00000000  0000094c  0000094c  00002018  2**0
                  CONTENTS
  5 .data         00000018  20000000  0000094c  00002000  2**2
                  CONTENTS, ALLOC, LOAD, DATA
  6 .bss          00000004  20000018  00000964  00002018  2**2
                  ALLOC
  7 .stack        00000100  20000700  20000700  00002700  2**0
                  ALLOC
  8 .debug_info   0000b60e  00000000  00000000  00002018  2**0
                  CONTENTS, READONLY, DEBUGGING
  9 .debug_abbrev 00001ea6  00000000  00000000  0000d626  2**0
                  CONTENTS, READONLY, DEBUGGING
 10 .debug_loc    00003209  00000000  00000000  0000f4cc  2**0
                  CONTENTS, READONLY, DEBUGGING
 11 .debug_aranges 00000720  00000000  00000000  000126d8  2**3
                  CONTENTS, READONLY, DEBUGGING
 12 .debug_ranges 00000748  00000000  00000000  00012df8  2**3
                  CONTENTS, READONLY, DEBUGGING
 13 .debug_line   00007d38  00000000  00000000  00013540  2**0
                  CONTENTS, READONLY, DEBUGGING
 14 .debug_str    000023b9  00000000  00000000  0001b278  2**0
                  CONTENTS, READONLY, DEBUGGING
 15 .comment      00000033  00000000  00000000  0001d631  2**0
                  CONTENTS, READONLY
 16 .debug_frame  00000e68  00000000  00000000  0001d664  2**2
                  CONTENTS, READONLY, DEBUGGING
SYMBOL TABLE:
00000000 l    d  .init	00000000 .init
000000a0 l    d  .text	00000000 .text
0000094c l    d  .fini	00000000 .fini
20000000 l    d  .dalign	00000000 .dalign
0000094c l    d  .dlalign	00000000 .dlalign
20000000 l    d  .data	00000000 .data
20000018 l    d  .bss	00000000 .bss
20000700 l    d  .stack	00000000 .stack
00000000 l    d  .debug_info	00000000 .debug_info
00000000 l    d  .debug_abbrev	00000000 .debug_abbrev
00000000 l    d  .debug_loc	00000000 .debug_loc
00000000 l    d  .debug_aranges	00000000 .debug_aranges
00000000 l    d  .debug_ranges	00000000 .debug_ranges
00000000 l    d  .debug_line	00000000 .debug_line
00000000 l    d  .debug_str	00000000 .debug_str
00000000 l    d  .comment	00000000 .comment
00000000 l    d  .debug_frame	00000000 .debug_frame
00000000 l    df *ABS*	00000000 ch32v00x_it.c
00000000 l    df *ABS*	00000000 main.c
00000000 l    df *ABS*	00000000 system_ch32v00x.c
00000000 l    df *ABS*	00000000 ch32v00x_adc.c
00000000 l    df *ABS*	00000000 ch32v00x_gpio.c
00000000 l    df *ABS*	00000000 ch32v00x_iwdg.c
00000000 l    df *ABS*	00000000 ch32v00x_misc.c
00000000 l    df *ABS*	00000000 ch32v00x_pwr.c
00000000 l    df *ABS*	00000000 ch32v00x_rcc.c
00000000 l    df *ABS*	00000000 ch32v00x_tim.c
20000818 g       .data	00000000 __global_pointer$
0000049c  w      .text	00000000 TIM1_CC_IRQHandler
000001dc g     F .text	00000002 HardFault_Handler
0000049c  w      .text	00000000 SysTick_Handler
000007a8 g     F .text	00000058 NVIC_Init
0000049c  w      .text	00000000 PVD_IRQHandler
00000694 g     F .text	0000001c ADC_GetITStatus
000001da g     F .text	00000002 NMI_Handler
20000018 g       .bss	00000000 _sbss
00000100 g       *ABS*	00000000 __stack_size
0000067c g     F .text	00000018 ADC_ExternalTrigConvCmd
000000aa g     F .text	0000000a .hidden __riscv_restore_2
0000059c g     F .text	00000010 ADC_Cmd
000008f2 g     F .text	00000018 TIM_Cmd
20000010 g     O .data	00000004 SystemCoreClock
000006b0 g     F .text	0000000a ADC_ClearITPendingBit
000000bc g     F .text	0000002c .hidden __udivsi3
000000a0 g       .init	00000000 _einit
0000084a g     F .text	0000001e RCC_APB2PeriphClockCmd
000006ba g     F .text	000000d6 GPIO_Init
00000836 g     F .text	00000014 RCC_ADCCLKConfig
20000018 g     O .bss	00000004 NVIC_Priority_Group
0000049c  w      .text	00000000 SPI1_IRQHandler
00000266 g     F .text	00000048 SWO_GPIO_Init
000000a0 g     F .text	0000000a .hidden __riscv_save_1
000000aa g     F .text	0000000a .hidden __riscv_restore_0
0000049c  w      .text	00000000 AWU_IRQHandler
0000049c  w      .text	00000000 EXTI7_0_IRQHandler
00000868 g     F .text	0000001e RCC_APB1PeriphClockCmd
20000700 g       .stack	00000000 _heap_end
0000049c  w      .text	00000000 DMA1_Channel4_IRQHandler
000005c2 g     F .text	000000ba ADC_RegularChannelConfig
000001de g     F .text	0000005c ADC1_IRQHandler
00000790 g     F .text	0000000e IWDG_ReloadCounter
2000001c g       .bss	00000000 _ebss
0000049c  w      .text	00000000 DMA1_Channel7_IRQHandler
0000030e g     F .text	00000048 SWO_TIM2_Init
000000e8 g     F .text	00000008 .hidden __umodsi3
0000049c  w      .text	00000000 I2C1_EV_IRQHandler
0000049c  w      .text	00000000 DMA1_Channel6_IRQHandler
0000049c  w      .text	00000000 RCC_IRQHandler
0000049c  w      .text	00000000 TIM1_TRG_COM_IRQHandler
0000049c  w      .text	00000000 DMA1_Channel1_IRQHandler
00000000 g       .init	00000000 _start
20000000 g     O .data	00000010 AHBPrescTable
00000932 g     F .text	00000018 TIM_SelectOutputTrigger
20000000 g       .dalign	00000000 _data_vma
000002ae g     F .text	00000060 SWO_ADC1_Init
00000132 g     F .text	000000a8 memset
00000824 g     F .text	00000012 RCC_AdjustHSICalibrationValue
00000356 g     F .text	00000054 main
0000090a g     F .text	00000010 TIM_InternalClockConfig
0000049c  w      .text	00000000 DMA1_Channel5_IRQHandler
000000b4 g     F .text	00000058 .hidden __divsi3
000003aa g     F .text	0000008a SystemInit
00000000 g       .init	00000000 _sinit
0000049c  w      .text	00000000 DMA1_Channel3_IRQHandler
000005ac g     F .text	00000016 ADC_ITConfig
0000049c  w      .text	00000000 TIM1_UP_IRQHandler
0000049c  w      .text	00000000 WWDG_IRQHandler
0000049c  w      .text	00000000 TIM2_IRQHandler
20000800 g       .stack	00000000 _eusrstack
0000091a g     F .text	00000018 TIM_UpdateRequestConfig
000000a0 g     F .text	0000000a .hidden __riscv_save_2
0000049c  w      .text	00000000 SW_Handler
0000052a g     F .text	00000024 ADC_DeInit
0000049c  w      .text	00000000 TIM1_BRK_IRQHandler
0000054e g     F .text	0000004e ADC_Init
20000018 g       .data	00000000 _edata
2000001c g       .bss	00000000 _end
000008a4 g     F .text	0000004e TIM_TimeBaseInit
0000094c g       .dlalign	00000000 _data_lma
00000814 g     F .text	00000010 PWR_PVDLevelConfig
00000434 g     F .text	00000068 SystemCoreClockUpdate
0000010c g     F .text	00000024 .hidden __modsi3
0000049c  w      .text	00000000 DMA1_Channel2_IRQHandler
0000049e  w      .text	00000000 handle_reset
0000049c  w      .text	00000000 FLASH_IRQHandler
000000a0 g     F .text	0000000a .hidden __riscv_save_0
0000049c  w      .text	00000000 USART1_IRQHandler
00000886 g     F .text	0000001e RCC_APB2PeriphResetCmd
0000049c  w      .text	00000000 I2C1_ER_IRQHandler
0000079e g     F .text	0000000a NVIC_PriorityGroupConfig
000000aa g     F .text	0000000a .hidden __riscv_restore_1
0000023a g     F .text	0000002c SWO_RCC_Init
00000800 g     F .text	00000014 PWR_PVDCmd



Disassembly of section .init:

00000000 <_sinit>:
   0:	49e0006f          	j	49e <handle_reset>
   4:	0000                	unimp
   6:	0000                	unimp
   8:	01da                	slli	gp,gp,0x16
   a:	0000                	unimp
   c:	01dc                	addi	a5,sp,196
	...
  2e:	0000                	unimp
  30:	049c                	addi	a5,sp,576
  32:	0000                	unimp
  34:	0000                	unimp
  36:	0000                	unimp
  38:	049c                	addi	a5,sp,576
  3a:	0000                	unimp
  3c:	0000                	unimp
  3e:	0000                	unimp
  40:	049c                	addi	a5,sp,576
  42:	0000                	unimp
  44:	049c                	addi	a5,sp,576
  46:	0000                	unimp
  48:	049c                	addi	a5,sp,576
  4a:	0000                	unimp
  4c:	049c                	addi	a5,sp,576
  4e:	0000                	unimp
  50:	049c                	addi	a5,sp,576
  52:	0000                	unimp
  54:	049c                	addi	a5,sp,576
  56:	0000                	unimp
  58:	049c                	addi	a5,sp,576
  5a:	0000                	unimp
  5c:	049c                	addi	a5,sp,576
  5e:	0000                	unimp
  60:	049c                	addi	a5,sp,576
  62:	0000                	unimp
  64:	049c                	addi	a5,sp,576
  66:	0000                	unimp
  68:	049c                	addi	a5,sp,576
  6a:	0000                	unimp
  6c:	049c                	addi	a5,sp,576
  6e:	0000                	unimp
  70:	049c                	addi	a5,sp,576
  72:	0000                	unimp
  74:	01de                	slli	gp,gp,0x17
  76:	0000                	unimp
  78:	049c                	addi	a5,sp,576
  7a:	0000                	unimp
  7c:	049c                	addi	a5,sp,576
  7e:	0000                	unimp
  80:	049c                	addi	a5,sp,576
  82:	0000                	unimp
  84:	049c                	addi	a5,sp,576
  86:	0000                	unimp
  88:	049c                	addi	a5,sp,576
  8a:	0000                	unimp
  8c:	049c                	addi	a5,sp,576
  8e:	0000                	unimp
  90:	049c                	addi	a5,sp,576
  92:	0000                	unimp
  94:	049c                	addi	a5,sp,576
  96:	0000                	unimp
  98:	049c                	addi	a5,sp,576
  9a:	0000                	unimp
  9c:	0000                	unimp
	...

Disassembly of section .text:

000000a0 <__riscv_save_0>:
  a0:	1151                	addi	sp,sp,-12
  a2:	c026                	sw	s1,0(sp)
  a4:	c222                	sw	s0,4(sp)
  a6:	c406                	sw	ra,8(sp)
  a8:	8282                	jr	t0

000000aa <__riscv_restore_0>:
  aa:	4482                	lw	s1,0(sp)
  ac:	4412                	lw	s0,4(sp)
  ae:	40a2                	lw	ra,8(sp)
  b0:	0131                	addi	sp,sp,12
  b2:	8082                	ret

000000b4 <__divsi3>:
  b4:	02054e63          	bltz	a0,f0 <__umodsi3+0x8>
  b8:	0405c363          	bltz	a1,fe <__umodsi3+0x16>

000000bc <__udivsi3>:
  bc:	862e                	mv	a2,a1
  be:	85aa                	mv	a1,a0
  c0:	557d                	li	a0,-1
  c2:	c215                	beqz	a2,e6 <__udivsi3+0x2a>
  c4:	4685                	li	a3,1
  c6:	00b67863          	bgeu	a2,a1,d6 <__udivsi3+0x1a>
  ca:	00c05663          	blez	a2,d6 <__udivsi3+0x1a>
  ce:	0606                	slli	a2,a2,0x1
  d0:	0686                	slli	a3,a3,0x1
  d2:	feb66ce3          	bltu	a2,a1,ca <__udivsi3+0xe>
  d6:	4501                	li	a0,0
  d8:	00c5e463          	bltu	a1,a2,e0 <__udivsi3+0x24>
  dc:	8d91                	sub	a1,a1,a2
  de:	8d55                	or	a0,a0,a3
  e0:	8285                	srli	a3,a3,0x1
  e2:	8205                	srli	a2,a2,0x1
  e4:	faf5                	bnez	a3,d8 <__udivsi3+0x1c>
  e6:	8082                	ret

000000e8 <__umodsi3>:
  e8:	8286                	mv	t0,ra
  ea:	3fc9                	jal	bc <__udivsi3>
  ec:	852e                	mv	a0,a1
  ee:	8282                	jr	t0
  f0:	40a00533          	neg	a0,a0
  f4:	0005d763          	bgez	a1,102 <__stack_size+0x2>
  f8:	40b005b3          	neg	a1,a1
  fc:	b7c1                	j	bc <__udivsi3>
  fe:	40b005b3          	neg	a1,a1
 102:	8286                	mv	t0,ra
 104:	3f65                	jal	bc <__udivsi3>
 106:	40a00533          	neg	a0,a0
 10a:	8282                	jr	t0

0000010c <__modsi3>:
 10c:	8286                	mv	t0,ra
 10e:	0005c763          	bltz	a1,11c <__modsi3+0x10>
 112:	00054963          	bltz	a0,124 <__modsi3+0x18>
 116:	375d                	jal	bc <__udivsi3>
 118:	852e                	mv	a0,a1
 11a:	8282                	jr	t0
 11c:	40b005b3          	neg	a1,a1
 120:	fe055be3          	bgez	a0,116 <__modsi3+0xa>
 124:	40a00533          	neg	a0,a0
 128:	3f51                	jal	bc <__udivsi3>
 12a:	40b00533          	neg	a0,a1
 12e:	8282                	jr	t0
	...

00000132 <memset>:
 132:	433d                	li	t1,15
 134:	872a                	mv	a4,a0
 136:	02c37363          	bgeu	t1,a2,15c <memset+0x2a>
 13a:	00f77793          	andi	a5,a4,15
 13e:	efbd                	bnez	a5,1bc <memset+0x8a>
 140:	e5ad                	bnez	a1,1aa <memset+0x78>
 142:	ff067693          	andi	a3,a2,-16
 146:	8a3d                	andi	a2,a2,15
 148:	96ba                	add	a3,a3,a4
 14a:	c30c                	sw	a1,0(a4)
 14c:	c34c                	sw	a1,4(a4)
 14e:	c70c                	sw	a1,8(a4)
 150:	c74c                	sw	a1,12(a4)
 152:	0741                	addi	a4,a4,16
 154:	fed76be3          	bltu	a4,a3,14a <memset+0x18>
 158:	e211                	bnez	a2,15c <memset+0x2a>
 15a:	8082                	ret
 15c:	40c306b3          	sub	a3,t1,a2
 160:	068a                	slli	a3,a3,0x2
 162:	00000297          	auipc	t0,0x0
 166:	9696                	add	a3,a3,t0
 168:	00a68067          	jr	10(a3)
 16c:	00b70723          	sb	a1,14(a4)
 170:	00b706a3          	sb	a1,13(a4)
 174:	00b70623          	sb	a1,12(a4)
 178:	00b705a3          	sb	a1,11(a4)
 17c:	00b70523          	sb	a1,10(a4)
 180:	00b704a3          	sb	a1,9(a4)
 184:	00b70423          	sb	a1,8(a4)
 188:	00b703a3          	sb	a1,7(a4)
 18c:	00b70323          	sb	a1,6(a4)
 190:	00b702a3          	sb	a1,5(a4)
 194:	00b70223          	sb	a1,4(a4)
 198:	00b701a3          	sb	a1,3(a4)
 19c:	00b70123          	sb	a1,2(a4)
 1a0:	00b700a3          	sb	a1,1(a4)
 1a4:	00b70023          	sb	a1,0(a4)
 1a8:	8082                	ret
 1aa:	0ff5f593          	andi	a1,a1,255
 1ae:	00859693          	slli	a3,a1,0x8
 1b2:	8dd5                	or	a1,a1,a3
 1b4:	01059693          	slli	a3,a1,0x10
 1b8:	8dd5                	or	a1,a1,a3
 1ba:	b761                	j	142 <memset+0x10>
 1bc:	00279693          	slli	a3,a5,0x2
 1c0:	00000297          	auipc	t0,0x0
 1c4:	9696                	add	a3,a3,t0
 1c6:	8286                	mv	t0,ra
 1c8:	fa8680e7          	jalr	-88(a3)
 1cc:	8096                	mv	ra,t0
 1ce:	17c1                	addi	a5,a5,-16
 1d0:	8f1d                	sub	a4,a4,a5
 1d2:	963e                	add	a2,a2,a5
 1d4:	f8c374e3          	bgeu	t1,a2,15c <memset+0x2a>
 1d8:	b7a5                	j	140 <memset+0xe>

000001da <NMI_Handler>:
 1da:	a001                	j	1da <NMI_Handler>

000001dc <HardFault_Handler>:
 1dc:	a001                	j	1dc <HardFault_Handler>

000001de <ADC1_IRQHandler>:
 1de:	1171                	addi	sp,sp,-4
 1e0:	c022                	sw	s0,0(sp)
 1e2:	40012437          	lui	s0,0x40012
 1e6:	22000593          	li	a1,544
 1ea:	40040513          	addi	a0,s0,1024 # 40012400 <__global_pointer$+0x20011be8>
 1ee:	215d                	jal	694 <ADC_GetITStatus>
 1f0:	c515                	beqz	a0,21c <ADC1_IRQHandler+0x3e>
 1f2:	22000593          	li	a1,544
 1f6:	40040513          	addi	a0,s0,1024
 1fa:	295d                	jal	6b0 <ADC_ClearITPendingBit>
 1fc:	44c42783          	lw	a5,1100(s0)
 200:	20000713          	li	a4,512
 204:	07c2                	slli	a5,a5,0x10
 206:	83c1                	srli	a5,a5,0x10
 208:	00f76e63          	bltu	a4,a5,224 <ADC1_IRQHandler+0x46>
 20c:	400117b7          	lui	a5,0x40011
 210:	80c7a703          	lw	a4,-2036(a5) # 4001080c <__global_pointer$+0x2000fff4>
 214:	9b75                	andi	a4,a4,-3
 216:	80e7a623          	sw	a4,-2036(a5)
 21a:	2b9d                	jal	790 <IWDG_ReloadCounter>
 21c:	4402                	lw	s0,0(sp)
 21e:	0111                	addi	sp,sp,4
 220:	30200073          	mret
 224:	23200713          	li	a4,562
 228:	fef779e3          	bgeu	a4,a5,21a <ADC1_IRQHandler+0x3c>
 22c:	400117b7          	lui	a5,0x40011
 230:	80c7a703          	lw	a4,-2036(a5) # 4001080c <__global_pointer$+0x2000fff4>
 234:	00276713          	ori	a4,a4,2
 238:	bff9                	j	216 <ADC1_IRQHandler+0x38>

0000023a <SWO_RCC_Init>:
 23a:	e67ff2ef          	jal	t0,a0 <__riscv_save_0>
 23e:	4585                	li	a1,1
 240:	4511                	li	a0,4
 242:	2521                	jal	84a <RCC_APB2PeriphClockCmd>
 244:	4585                	li	a1,1
 246:	02000513          	li	a0,32
 24a:	2501                	jal	84a <RCC_APB2PeriphClockCmd>
 24c:	4585                	li	a1,1
 24e:	20000513          	li	a0,512
 252:	2be5                	jal	84a <RCC_APB2PeriphClockCmd>
 254:	4585                	li	a1,1
 256:	4505                	li	a0,1
 258:	2bcd                	jal	84a <RCC_APB2PeriphClockCmd>
 25a:	4501                	li	a0,0
 25c:	2be9                	jal	836 <RCC_ADCCLKConfig>
 25e:	4585                	li	a1,1
 260:	4505                	li	a0,1
 262:	2519                	jal	868 <RCC_APB1PeriphClockCmd>
 264:	b599                	j	aa <__riscv_restore_0>

00000266 <SWO_GPIO_Init>:
 266:	e3bff2ef          	jal	t0,a0 <__riscv_save_0>
 26a:	1151                	addi	sp,sp,-12
 26c:	4789                	li	a5,2
 26e:	40011437          	lui	s0,0x40011
 272:	807c                	sh	a5,0(sp)
 274:	47c1                	li	a5,16
 276:	c43e                	sw	a5,8(sp)
 278:	858a                	mv	a1,sp
 27a:	4789                	li	a5,2
 27c:	80040513          	addi	a0,s0,-2048 # 40010800 <__global_pointer$+0x2000ffe8>
 280:	c23e                	sw	a5,4(sp)
 282:	00011123          	sh	zero,2(sp)
 286:	2915                	jal	6ba <GPIO_Init>
 288:	4785                	li	a5,1
 28a:	858a                	mv	a1,sp
 28c:	80040513          	addi	a0,s0,-2048
 290:	807c                	sh	a5,0(sp)
 292:	c402                	sw	zero,8(sp)
 294:	211d                	jal	6ba <GPIO_Init>
 296:	04000793          	li	a5,64
 29a:	807c                	sh	a5,0(sp)
 29c:	858a                	mv	a1,sp
 29e:	02800793          	li	a5,40
 2a2:	40040513          	addi	a0,s0,1024
 2a6:	c43e                	sw	a5,8(sp)
 2a8:	2909                	jal	6ba <GPIO_Init>
 2aa:	0131                	addi	sp,sp,12
 2ac:	bbfd                	j	aa <__riscv_restore_0>

000002ae <SWO_ADC1_Init>:
 2ae:	df3ff2ef          	jal	t0,a0 <__riscv_save_0>
 2b2:	1121                	addi	sp,sp,-24
 2b4:	4661                	li	a2,24
 2b6:	4581                	li	a1,0
 2b8:	850a                	mv	a0,sp
 2ba:	3da5                	jal	132 <memset>
 2bc:	40012437          	lui	s0,0x40012
 2c0:	40040513          	addi	a0,s0,1024 # 40012400 <__global_pointer$+0x20011be8>
 2c4:	249d                	jal	52a <ADC_DeInit>
 2c6:	000607b7          	lui	a5,0x60
 2ca:	c63e                	sw	a5,12(sp)
 2cc:	858a                	mv	a1,sp
 2ce:	4785                	li	a5,1
 2d0:	40040513          	addi	a0,s0,1024
 2d4:	00f10a23          	sb	a5,20(sp)
 2d8:	c002                	sw	zero,0(sp)
 2da:	c202                	sw	zero,4(sp)
 2dc:	c402                	sw	zero,8(sp)
 2de:	c802                	sw	zero,16(sp)
 2e0:	24bd                	jal	54e <ADC_Init>
 2e2:	468d                	li	a3,3
 2e4:	4601                	li	a2,0
 2e6:	40040513          	addi	a0,s0,1024
 2ea:	4581                	li	a1,0
 2ec:	2cd9                	jal	5c2 <ADC_RegularChannelConfig>
 2ee:	40040513          	addi	a0,s0,1024
 2f2:	4585                	li	a1,1
 2f4:	2465                	jal	59c <ADC_Cmd>
 2f6:	40040513          	addi	a0,s0,1024
 2fa:	4585                	li	a1,1
 2fc:	2641                	jal	67c <ADC_ExternalTrigConvCmd>
 2fe:	4605                	li	a2,1
 300:	22000593          	li	a1,544
 304:	40040513          	addi	a0,s0,1024
 308:	2455                	jal	5ac <ADC_ITConfig>
 30a:	0161                	addi	sp,sp,24
 30c:	bb79                	j	aa <__riscv_restore_0>

0000030e <SWO_TIM2_Init>:
 30e:	d93ff2ef          	jal	t0,a0 <__riscv_save_0>
 312:	1151                	addi	sp,sp,-12
 314:	40000537          	lui	a0,0x40000
 318:	c002                	sw	zero,0(sp)
 31a:	c202                	sw	zero,4(sp)
 31c:	00011423          	sh	zero,8(sp)
 320:	23ed                	jal	90a <TIM_InternalClockConfig>
 322:	478d                	li	a5,3
 324:	c03e                	sw	a5,0(sp)
 326:	858a                	mv	a1,sp
 328:	1f300793          	li	a5,499
 32c:	40000537          	lui	a0,0x40000
 330:	827c                	sh	a5,4(sp)
 332:	00010423          	sb	zero,8(sp)
 336:	23bd                	jal	8a4 <TIM_TimeBaseInit>
 338:	4585                	li	a1,1
 33a:	40000537          	lui	a0,0x40000
 33e:	2bf1                	jal	91a <TIM_UpdateRequestConfig>
 340:	02000593          	li	a1,32
 344:	40000537          	lui	a0,0x40000
 348:	23ed                	jal	932 <TIM_SelectOutputTrigger>
 34a:	4585                	li	a1,1
 34c:	40000537          	lui	a0,0x40000
 350:	234d                	jal	8f2 <TIM_Cmd>
 352:	0131                	addi	sp,sp,12
 354:	bb99                	j	aa <__riscv_restore_0>

00000356 <main>:
 356:	d4bff2ef          	jal	t0,a0 <__riscv_save_0>
 35a:	1161                	addi	sp,sp,-8
 35c:	4505                	li	a0,1
 35e:	c002                	sw	zero,0(sp)
 360:	c202                	sw	zero,4(sp)
 362:	2935                	jal	79e <NVIC_PriorityGroupConfig>
 364:	28c1                	jal	434 <SystemCoreClockUpdate>
 366:	0e000513          	li	a0,224
 36a:	216d                	jal	814 <PWR_PVDLevelConfig>
 36c:	4505                	li	a0,1
 36e:	2949                	jal	800 <PWR_PVDCmd>
 370:	35e9                	jal	23a <SWO_RCC_Init>
 372:	3dd5                	jal	266 <SWO_GPIO_Init>
 374:	3f2d                	jal	2ae <SWO_ADC1_Init>
 376:	3f61                	jal	30e <SWO_TIM2_Init>
 378:	4785                	li	a5,1
 37a:	c23e                	sw	a5,4(sp)
 37c:	850a                	mv	a0,sp
 37e:	11d00793          	li	a5,285
 382:	807c                	sh	a5,0(sp)
 384:	00010123          	sb	zero,2(sp)
 388:	2105                	jal	7a8 <NVIC_Init>
 38a:	20000737          	lui	a4,0x20000
 38e:	e000e7b7          	lui	a5,0xe000e
 392:	28e7a023          	sw	a4,640(a5) # e000e280 <__global_pointer$+0xc000da68>
 396:	e000f737          	lui	a4,0xe000f
 39a:	d1072783          	lw	a5,-752(a4) # e000ed10 <__global_pointer$+0xc000e4f8>
 39e:	9bdd                	andi	a5,a5,-9
 3a0:	d0f72823          	sw	a5,-752(a4)
 3a4:	10500073          	wfi
 3a8:	bfcd                	j	39a <main+0x44>

000003aa <SystemInit>:
 3aa:	cf7ff2ef          	jal	t0,a0 <__riscv_save_0>
 3ae:	40021437          	lui	s0,0x40021
 3b2:	401c                	lw	a5,0(s0)
 3b4:	fcff0737          	lui	a4,0xfcff0
 3b8:	4541                	li	a0,16
 3ba:	0017e793          	ori	a5,a5,1
 3be:	c01c                	sw	a5,0(s0)
 3c0:	405c                	lw	a5,4(s0)
 3c2:	8ff9                	and	a5,a5,a4
 3c4:	c05c                	sw	a5,4(s0)
 3c6:	401c                	lw	a5,0(s0)
 3c8:	fef70737          	lui	a4,0xfef70
 3cc:	177d                	addi	a4,a4,-1
 3ce:	8ff9                	and	a5,a5,a4
 3d0:	c01c                	sw	a5,0(s0)
 3d2:	401c                	lw	a5,0(s0)
 3d4:	fffc0737          	lui	a4,0xfffc0
 3d8:	177d                	addi	a4,a4,-1
 3da:	8ff9                	and	a5,a5,a4
 3dc:	c01c                	sw	a5,0(s0)
 3de:	405c                	lw	a5,4(s0)
 3e0:	7741                	lui	a4,0xffff0
 3e2:	177d                	addi	a4,a4,-1
 3e4:	8ff9                	and	a5,a5,a4
 3e6:	c05c                	sw	a5,4(s0)
 3e8:	009f07b7          	lui	a5,0x9f0
 3ec:	c41c                	sw	a5,8(s0)
 3ee:	291d                	jal	824 <RCC_AdjustHSICalibrationValue>
 3f0:	4c1c                	lw	a5,24(s0)
 3f2:	0207e793          	ori	a5,a5,32
 3f6:	cc1c                	sw	a5,24(s0)
 3f8:	400117b7          	lui	a5,0x40011
 3fc:	4007a703          	lw	a4,1024(a5) # 40011400 <__global_pointer$+0x20010be8>
 400:	40078693          	addi	a3,a5,1024
 404:	f0f77713          	andi	a4,a4,-241
 408:	40e7a023          	sw	a4,1024(a5)
 40c:	4007a703          	lw	a4,1024(a5)
 410:	08076713          	ori	a4,a4,128
 414:	40e7a023          	sw	a4,1024(a5)
 418:	4789                	li	a5,2
 41a:	ca9c                	sw	a5,16(a3)
 41c:	400227b7          	lui	a5,0x40022
 420:	4398                	lw	a4,0(a5)
 422:	9b71                	andi	a4,a4,-4
 424:	c398                	sw	a4,0(a5)
 426:	4398                	lw	a4,0(a5)
 428:	c398                	sw	a4,0(a5)
 42a:	405c                	lw	a5,4(s0)
 42c:	0207e793          	ori	a5,a5,32
 430:	c05c                	sw	a5,4(s0)
 432:	b9a5                	j	aa <__riscv_restore_0>

00000434 <SystemCoreClockUpdate>:
 434:	c6dff2ef          	jal	t0,a0 <__riscv_save_0>
 438:	40021737          	lui	a4,0x40021
 43c:	435c                	lw	a5,4(a4)
 43e:	20000437          	lui	s0,0x20000
 442:	4691                	li	a3,4
 444:	8bb1                	andi	a5,a5,12
 446:	01040413          	addi	s0,s0,16 # 20000010 <SystemCoreClock>
 44a:	00d78563          	beq	a5,a3,454 <SystemCoreClockUpdate+0x20>
 44e:	46a1                	li	a3,8
 450:	04d78063          	beq	a5,a3,490 <SystemCoreClockUpdate+0x5c>
 454:	016e37b7          	lui	a5,0x16e3
 458:	60078793          	addi	a5,a5,1536 # 16e3600 <_data_lma+0x16e2cb4>
 45c:	c01c                	sw	a5,0(s0)
 45e:	400216b7          	lui	a3,0x40021
 462:	42dc                	lw	a5,4(a3)
 464:	4008                	lw	a0,0(s0)
 466:	8391                	srli	a5,a5,0x4
 468:	00f7f713          	andi	a4,a5,15
 46c:	200007b7          	lui	a5,0x20000
 470:	00078793          	mv	a5,a5
 474:	97ba                	add	a5,a5,a4
 476:	238c                	lbu	a1,0(a5)
 478:	42dc                	lw	a5,4(a3)
 47a:	0ff5f593          	andi	a1,a1,255
 47e:	0807f793          	andi	a5,a5,128
 482:	00b55733          	srl	a4,a0,a1
 486:	e399                	bnez	a5,48c <SystemCoreClockUpdate+0x58>
 488:	3915                	jal	bc <__udivsi3>
 48a:	872a                	mv	a4,a0
 48c:	c018                	sw	a4,0(s0)
 48e:	b931                	j	aa <__riscv_restore_0>
 490:	435c                	lw	a5,4(a4)
 492:	02dc77b7          	lui	a5,0x2dc7
 496:	c0078793          	addi	a5,a5,-1024 # 2dc6c00 <_data_lma+0x2dc62b4>
 49a:	b7c9                	j	45c <SystemCoreClockUpdate+0x28>

0000049c <AWU_IRQHandler>:
 49c:	a001                	j	49c <AWU_IRQHandler>

0000049e <handle_reset>:
 49e:	20000197          	auipc	gp,0x20000
 4a2:	37a18193          	addi	gp,gp,890 # 20000818 <__global_pointer$>
 4a6:	fe818113          	addi	sp,gp,-24 # 20000800 <_eusrstack>
 4aa:	00000517          	auipc	a0,0x0
 4ae:	4a250513          	addi	a0,a0,1186 # 94c <_data_lma>
 4b2:	20000597          	auipc	a1,0x20000
 4b6:	b4e58593          	addi	a1,a1,-1202 # 20000000 <_data_vma>
 4ba:	20000617          	auipc	a2,0x20000
 4be:	b5e60613          	addi	a2,a2,-1186 # 20000018 <_edata>
 4c2:	00c5fa63          	bgeu	a1,a2,4d6 <handle_reset+0x38>
 4c6:	00052283          	lw	t0,0(a0)
 4ca:	0055a023          	sw	t0,0(a1)
 4ce:	0511                	addi	a0,a0,4
 4d0:	0591                	addi	a1,a1,4
 4d2:	fec5eae3          	bltu	a1,a2,4c6 <handle_reset+0x28>
 4d6:	20000517          	auipc	a0,0x20000
 4da:	b4250513          	addi	a0,a0,-1214 # 20000018 <_edata>
 4de:	20000597          	auipc	a1,0x20000
 4e2:	b3e58593          	addi	a1,a1,-1218 # 2000001c <_ebss>
 4e6:	00b57763          	bgeu	a0,a1,4f4 <handle_reset+0x56>
 4ea:	00052023          	sw	zero,0(a0)
 4ee:	0511                	addi	a0,a0,4
 4f0:	feb56de3          	bltu	a0,a1,4ea <handle_reset+0x4c>
 4f4:	000022b7          	lui	t0,0x2
 4f8:	88028293          	addi	t0,t0,-1920 # 1880 <_data_lma+0xf34>
 4fc:	30029073          	csrw	mstatus,t0
 500:	428d                	li	t0,3
 502:	80429073          	csrw	0x804,t0
 506:	00000297          	auipc	t0,0x0
 50a:	afa28293          	addi	t0,t0,-1286 # 0 <_sinit>
 50e:	0032e293          	ori	t0,t0,3
 512:	30529073          	csrw	mtvec,t0
 516:	e95ff0ef          	jal	ra,3aa <SystemInit>
 51a:	00000297          	auipc	t0,0x0
 51e:	e3c28293          	addi	t0,t0,-452 # 356 <main>
 522:	34129073          	csrw	mepc,t0
 526:	30200073          	mret

0000052a <ADC_DeInit>:
 52a:	400127b7          	lui	a5,0x40012
 52e:	40078793          	addi	a5,a5,1024 # 40012400 <__global_pointer$+0x20011be8>
 532:	00f51d63          	bne	a0,a5,54c <ADC_DeInit+0x22>
 536:	b6bff2ef          	jal	t0,a0 <__riscv_save_0>
 53a:	4585                	li	a1,1
 53c:	20000513          	li	a0,512
 540:	2699                	jal	886 <RCC_APB2PeriphResetCmd>
 542:	4581                	li	a1,0
 544:	20000513          	li	a0,512
 548:	2e3d                	jal	886 <RCC_APB2PeriphResetCmd>
 54a:	b685                	j	aa <__riscv_restore_0>
 54c:	8082                	ret

0000054e <ADC_Init>:
 54e:	415c                	lw	a5,4(a0)
 550:	fff10737          	lui	a4,0xfff10
 554:	eff70713          	addi	a4,a4,-257 # fff0feff <__global_pointer$+0xdff0f6e7>
 558:	8f7d                	and	a4,a4,a5
 55a:	41dc                	lw	a5,4(a1)
 55c:	4194                	lw	a3,0(a1)
 55e:	07a2                	slli	a5,a5,0x8
 560:	8fd5                	or	a5,a5,a3
 562:	8fd9                	or	a5,a5,a4
 564:	c15c                	sw	a5,4(a0)
 566:	451c                	lw	a5,8(a0)
 568:	fff1f737          	lui	a4,0xfff1f
 56c:	7fd70713          	addi	a4,a4,2045 # fff1f7fd <__global_pointer$+0xdff1efe5>
 570:	45d4                	lw	a3,12(a1)
 572:	8f7d                	and	a4,a4,a5
 574:	499c                	lw	a5,16(a1)
 576:	8fd5                	or	a5,a5,a3
 578:	4594                	lw	a3,8(a1)
 57a:	0686                	slli	a3,a3,0x1
 57c:	8fd5                	or	a5,a5,a3
 57e:	8fd9                	or	a5,a5,a4
 580:	c51c                	sw	a5,8(a0)
 582:	555c                	lw	a5,44(a0)
 584:	ff100737          	lui	a4,0xff100
 588:	177d                	addi	a4,a4,-1
 58a:	8f7d                	and	a4,a4,a5
 58c:	29dc                	lbu	a5,20(a1)
 58e:	17fd                	addi	a5,a5,-1
 590:	0ff7f793          	andi	a5,a5,255
 594:	07d2                	slli	a5,a5,0x14
 596:	8fd9                	or	a5,a5,a4
 598:	d55c                	sw	a5,44(a0)
 59a:	8082                	ret

0000059c <ADC_Cmd>:
 59c:	451c                	lw	a5,8(a0)
 59e:	c589                	beqz	a1,5a8 <ADC_Cmd+0xc>
 5a0:	0017e793          	ori	a5,a5,1
 5a4:	c51c                	sw	a5,8(a0)
 5a6:	8082                	ret
 5a8:	9bf9                	andi	a5,a5,-2
 5aa:	bfed                	j	5a4 <ADC_Cmd+0x8>

000005ac <ADC_ITConfig>:
 5ac:	415c                	lw	a5,4(a0)
 5ae:	0ff5f593          	andi	a1,a1,255
 5b2:	c601                	beqz	a2,5ba <ADC_ITConfig+0xe>
 5b4:	8ddd                	or	a1,a1,a5
 5b6:	c14c                	sw	a1,4(a0)
 5b8:	8082                	ret
 5ba:	fff5c593          	not	a1,a1
 5be:	8dfd                	and	a1,a1,a5
 5c0:	bfdd                	j	5b6 <ADC_ITConfig+0xa>

000005c2 <ADC_RegularChannelConfig>:
 5c2:	47a5                	li	a5,9
 5c4:	04b7f863          	bgeu	a5,a1,614 <ADC_RegularChannelConfig+0x52>
 5c8:	ff658713          	addi	a4,a1,-10
 5cc:	00171793          	slli	a5,a4,0x1
 5d0:	00c52283          	lw	t0,12(a0)
 5d4:	97ba                	add	a5,a5,a4
 5d6:	431d                	li	t1,7
 5d8:	00f31333          	sll	t1,t1,a5
 5dc:	fff34313          	not	t1,t1
 5e0:	00537333          	and	t1,t1,t0
 5e4:	00f697b3          	sll	a5,a3,a5
 5e8:	0067e7b3          	or	a5,a5,t1
 5ec:	c55c                	sw	a5,12(a0)
 5ee:	4799                	li	a5,6
 5f0:	04c7e363          	bltu	a5,a2,636 <ADC_RegularChannelConfig+0x74>
 5f4:	167d                	addi	a2,a2,-1
 5f6:	00261793          	slli	a5,a2,0x2
 5fa:	963e                	add	a2,a2,a5
 5fc:	5958                	lw	a4,52(a0)
 5fe:	47fd                	li	a5,31
 600:	00c797b3          	sll	a5,a5,a2
 604:	fff7c793          	not	a5,a5
 608:	8ff9                	and	a5,a5,a4
 60a:	00c595b3          	sll	a1,a1,a2
 60e:	8ddd                	or	a1,a1,a5
 610:	d94c                	sw	a1,52(a0)
 612:	8082                	ret
 614:	00159793          	slli	a5,a1,0x1
 618:	01052303          	lw	t1,16(a0)
 61c:	97ae                	add	a5,a5,a1
 61e:	471d                	li	a4,7
 620:	00f71733          	sll	a4,a4,a5
 624:	fff74713          	not	a4,a4
 628:	00677733          	and	a4,a4,t1
 62c:	00f697b3          	sll	a5,a3,a5
 630:	8f5d                	or	a4,a4,a5
 632:	c918                	sw	a4,16(a0)
 634:	bf6d                	j	5ee <ADC_RegularChannelConfig+0x2c>
 636:	47b1                	li	a5,12
 638:	02c7e263          	bltu	a5,a2,65c <ADC_RegularChannelConfig+0x9a>
 63c:	1665                	addi	a2,a2,-7
 63e:	00261793          	slli	a5,a2,0x2
 642:	963e                	add	a2,a2,a5
 644:	5918                	lw	a4,48(a0)
 646:	47fd                	li	a5,31
 648:	00c797b3          	sll	a5,a5,a2
 64c:	fff7c793          	not	a5,a5
 650:	8ff9                	and	a5,a5,a4
 652:	00c595b3          	sll	a1,a1,a2
 656:	8ddd                	or	a1,a1,a5
 658:	d90c                	sw	a1,48(a0)
 65a:	8082                	ret
 65c:	164d                	addi	a2,a2,-13
 65e:	00261713          	slli	a4,a2,0x2
 662:	5554                	lw	a3,44(a0)
 664:	963a                	add	a2,a2,a4
 666:	47fd                	li	a5,31
 668:	00c797b3          	sll	a5,a5,a2
 66c:	fff7c793          	not	a5,a5
 670:	8ff5                	and	a5,a5,a3
 672:	00c595b3          	sll	a1,a1,a2
 676:	8ddd                	or	a1,a1,a5
 678:	d54c                	sw	a1,44(a0)
 67a:	8082                	ret

0000067c <ADC_ExternalTrigConvCmd>:
 67c:	451c                	lw	a5,8(a0)
 67e:	c591                	beqz	a1,68a <ADC_ExternalTrigConvCmd+0xe>
 680:	00100737          	lui	a4,0x100
 684:	8fd9                	or	a5,a5,a4
 686:	c51c                	sw	a5,8(a0)
 688:	8082                	ret
 68a:	fff00737          	lui	a4,0xfff00
 68e:	177d                	addi	a4,a4,-1
 690:	8ff9                	and	a5,a5,a4
 692:	bfd5                	j	686 <ADC_ExternalTrigConvCmd+0xa>

00000694 <ADC_GetITStatus>:
 694:	4158                	lw	a4,4(a0)
 696:	4114                	lw	a3,0(a0)
 698:	0085d793          	srli	a5,a1,0x8
 69c:	8ff5                	and	a5,a5,a3
 69e:	c799                	beqz	a5,6ac <ADC_GetITStatus+0x18>
 6a0:	0ff5f513          	andi	a0,a1,255
 6a4:	8d79                	and	a0,a0,a4
 6a6:	00a03533          	snez	a0,a0
 6aa:	8082                	ret
 6ac:	4501                	li	a0,0
 6ae:	8082                	ret

000006b0 <ADC_ClearITPendingBit>:
 6b0:	81a1                	srli	a1,a1,0x8
 6b2:	fff5c593          	not	a1,a1
 6b6:	c10c                	sw	a1,0(a0)
 6b8:	8082                	ret

000006ba <GPIO_Init>:
 6ba:	459c                	lw	a5,8(a1)
 6bc:	1161                	addi	sp,sp,-8
 6be:	c222                	sw	s0,4(sp)
 6c0:	c026                	sw	s1,0(sp)
 6c2:	0107f713          	andi	a4,a5,16
 6c6:	00f7f313          	andi	t1,a5,15
 6ca:	c701                	beqz	a4,6d2 <GPIO_Init+0x18>
 6cc:	41d8                	lw	a4,4(a1)
 6ce:	00e36333          	or	t1,t1,a4
 6d2:	2192                	lhu	a2,0(a1)
 6d4:	0ff67713          	andi	a4,a2,255
 6d8:	c729                	beqz	a4,722 <GPIO_Init+0x68>
 6da:	00052383          	lw	t2,0(a0)
 6de:	4701                	li	a4,0
 6e0:	02800413          	li	s0,40
 6e4:	04800493          	li	s1,72
 6e8:	4685                	li	a3,1
 6ea:	00e695b3          	sll	a1,a3,a4
 6ee:	00b676b3          	and	a3,a2,a1
 6f2:	02d59263          	bne	a1,a3,716 <GPIO_Init+0x5c>
 6f6:	00271293          	slli	t0,a4,0x2
 6fa:	46bd                	li	a3,15
 6fc:	005696b3          	sll	a3,a3,t0
 700:	fff6c693          	not	a3,a3
 704:	0076f3b3          	and	t2,a3,t2
 708:	005312b3          	sll	t0,t1,t0
 70c:	0072e3b3          	or	t2,t0,t2
 710:	06879763          	bne	a5,s0,77e <GPIO_Init+0xc4>
 714:	c94c                	sw	a1,20(a0)
 716:	0705                	addi	a4,a4,1
 718:	46a1                	li	a3,8
 71a:	fcd717e3          	bne	a4,a3,6e8 <GPIO_Init+0x2e>
 71e:	00752023          	sw	t2,0(a0)
 722:	0ff00713          	li	a4,255
 726:	04c77863          	bgeu	a4,a2,776 <GPIO_Init+0xbc>
 72a:	00452383          	lw	t2,4(a0)
 72e:	46a1                	li	a3,8
 730:	02800413          	li	s0,40
 734:	04800493          	li	s1,72
 738:	4705                	li	a4,1
 73a:	00d712b3          	sll	t0,a4,a3
 73e:	00567733          	and	a4,a2,t0
 742:	02e29463          	bne	t0,a4,76a <GPIO_Init+0xb0>
 746:	00269713          	slli	a4,a3,0x2
 74a:	1701                	addi	a4,a4,-32
 74c:	45bd                	li	a1,15
 74e:	00e595b3          	sll	a1,a1,a4
 752:	fff5c593          	not	a1,a1
 756:	0075f3b3          	and	t2,a1,t2
 75a:	00e31733          	sll	a4,t1,a4
 75e:	007763b3          	or	t2,a4,t2
 762:	02879263          	bne	a5,s0,786 <GPIO_Init+0xcc>
 766:	00552a23          	sw	t0,20(a0)
 76a:	0685                	addi	a3,a3,1
 76c:	4741                	li	a4,16
 76e:	fce695e3          	bne	a3,a4,738 <GPIO_Init+0x7e>
 772:	00752223          	sw	t2,4(a0)
 776:	4412                	lw	s0,4(sp)
 778:	4482                	lw	s1,0(sp)
 77a:	0121                	addi	sp,sp,8
 77c:	8082                	ret
 77e:	f8979ce3          	bne	a5,s1,716 <GPIO_Init+0x5c>
 782:	c90c                	sw	a1,16(a0)
 784:	bf49                	j	716 <GPIO_Init+0x5c>
 786:	fe9792e3          	bne	a5,s1,76a <GPIO_Init+0xb0>
 78a:	00552823          	sw	t0,16(a0)
 78e:	bff1                	j	76a <GPIO_Init+0xb0>

00000790 <IWDG_ReloadCounter>:
 790:	67ad                	lui	a5,0xb
 792:	40003737          	lui	a4,0x40003
 796:	aaa78793          	addi	a5,a5,-1366 # aaaa <_data_lma+0xa15e>
 79a:	c31c                	sw	a5,0(a4)
 79c:	8082                	ret

0000079e <NVIC_PriorityGroupConfig>:
 79e:	200007b7          	lui	a5,0x20000
 7a2:	00a7ac23          	sw	a0,24(a5) # 20000018 <_edata>
 7a6:	8082                	ret

000007a8 <NVIC_Init>:
 7a8:	200007b7          	lui	a5,0x20000
 7ac:	0187a683          	lw	a3,24(a5) # 20000018 <_edata>
 7b0:	4785                	li	a5,1
 7b2:	2118                	lbu	a4,0(a0)
 7b4:	02f69063          	bne	a3,a5,7d4 <NVIC_Init+0x2c>
 7b8:	311c                	lbu	a5,1(a0)
 7ba:	02d79c63          	bne	a5,a3,7f2 <NVIC_Init+0x4a>
 7be:	213c                	lbu	a5,2(a0)
 7c0:	079a                	slli	a5,a5,0x6
 7c2:	f807e793          	ori	a5,a5,-128
 7c6:	e000e6b7          	lui	a3,0xe000e
 7ca:	0ff7f793          	andi	a5,a5,255
 7ce:	96ba                	add	a3,a3,a4
 7d0:	40f68023          	sb	a5,1024(a3) # e000e400 <__global_pointer$+0xc000dbe8>
 7d4:	4685                	li	a3,1
 7d6:	00575793          	srli	a5,a4,0x5
 7da:	00e69733          	sll	a4,a3,a4
 7de:	4154                	lw	a3,4(a0)
 7e0:	ce89                	beqz	a3,7fa <NVIC_Init+0x52>
 7e2:	04078793          	addi	a5,a5,64
 7e6:	078a                	slli	a5,a5,0x2
 7e8:	e000e6b7          	lui	a3,0xe000e
 7ec:	97b6                	add	a5,a5,a3
 7ee:	c398                	sw	a4,0(a5)
 7f0:	8082                	ret
 7f2:	f3ed                	bnez	a5,7d4 <NVIC_Init+0x2c>
 7f4:	213c                	lbu	a5,2(a0)
 7f6:	079a                	slli	a5,a5,0x6
 7f8:	b7f9                	j	7c6 <NVIC_Init+0x1e>
 7fa:	06078793          	addi	a5,a5,96
 7fe:	b7e5                	j	7e6 <NVIC_Init+0x3e>

00000800 <PWR_PVDCmd>:
 800:	40007737          	lui	a4,0x40007
 804:	431c                	lw	a5,0(a4)
 806:	c509                	beqz	a0,810 <PWR_PVDCmd+0x10>
 808:	0107e793          	ori	a5,a5,16
 80c:	c31c                	sw	a5,0(a4)
 80e:	8082                	ret
 810:	9bbd                	andi	a5,a5,-17
 812:	bfed                	j	80c <PWR_PVDCmd+0xc>

00000814 <PWR_PVDLevelConfig>:
 814:	40007737          	lui	a4,0x40007
 818:	431c                	lw	a5,0(a4)
 81a:	f1f7f793          	andi	a5,a5,-225
 81e:	8d5d                	or	a0,a0,a5
 820:	c308                	sw	a0,0(a4)
 822:	8082                	ret

00000824 <RCC_AdjustHSICalibrationValue>:
 824:	40021737          	lui	a4,0x40021
 828:	431c                	lw	a5,0(a4)
 82a:	050e                	slli	a0,a0,0x3
 82c:	f077f793          	andi	a5,a5,-249
 830:	8d5d                	or	a0,a0,a5
 832:	c308                	sw	a0,0(a4)
 834:	8082                	ret

00000836 <RCC_ADCCLKConfig>:
 836:	400216b7          	lui	a3,0x40021
 83a:	42dc                	lw	a5,4(a3)
 83c:	7741                	lui	a4,0xffff0
 83e:	7ff70713          	addi	a4,a4,2047 # ffff07ff <__global_pointer$+0xdffeffe7>
 842:	8ff9                	and	a5,a5,a4
 844:	8d5d                	or	a0,a0,a5
 846:	c2c8                	sw	a0,4(a3)
 848:	8082                	ret

0000084a <RCC_APB2PeriphClockCmd>:
 84a:	c599                	beqz	a1,858 <RCC_APB2PeriphClockCmd+0xe>
 84c:	40021737          	lui	a4,0x40021
 850:	4f1c                	lw	a5,24(a4)
 852:	8d5d                	or	a0,a0,a5
 854:	cf08                	sw	a0,24(a4)
 856:	8082                	ret
 858:	400217b7          	lui	a5,0x40021
 85c:	4f98                	lw	a4,24(a5)
 85e:	fff54513          	not	a0,a0
 862:	8d79                	and	a0,a0,a4
 864:	cf88                	sw	a0,24(a5)
 866:	8082                	ret

00000868 <RCC_APB1PeriphClockCmd>:
 868:	c599                	beqz	a1,876 <RCC_APB1PeriphClockCmd+0xe>
 86a:	40021737          	lui	a4,0x40021
 86e:	4f5c                	lw	a5,28(a4)
 870:	8d5d                	or	a0,a0,a5
 872:	cf48                	sw	a0,28(a4)
 874:	8082                	ret
 876:	400217b7          	lui	a5,0x40021
 87a:	4fd8                	lw	a4,28(a5)
 87c:	fff54513          	not	a0,a0
 880:	8d79                	and	a0,a0,a4
 882:	cfc8                	sw	a0,28(a5)
 884:	8082                	ret

00000886 <RCC_APB2PeriphResetCmd>:
 886:	c599                	beqz	a1,894 <RCC_APB2PeriphResetCmd+0xe>
 888:	40021737          	lui	a4,0x40021
 88c:	475c                	lw	a5,12(a4)
 88e:	8d5d                	or	a0,a0,a5
 890:	c748                	sw	a0,12(a4)
 892:	8082                	ret
 894:	400217b7          	lui	a5,0x40021
 898:	47d8                	lw	a4,12(a5)
 89a:	fff54513          	not	a0,a0
 89e:	8d79                	and	a0,a0,a4
 8a0:	c7c8                	sw	a0,12(a5)
 8a2:	8082                	ret

000008a4 <TIM_TimeBaseInit>:
 8a4:	211e                	lhu	a5,0(a0)
 8a6:	40013737          	lui	a4,0x40013
 8aa:	c0070713          	addi	a4,a4,-1024 # 40012c00 <__global_pointer$+0x200123e8>
 8ae:	07c2                	slli	a5,a5,0x10
 8b0:	83c1                	srli	a5,a5,0x10
 8b2:	00e50663          	beq	a0,a4,8be <TIM_TimeBaseInit+0x1a>
 8b6:	40000737          	lui	a4,0x40000
 8ba:	00e51663          	bne	a0,a4,8c6 <TIM_TimeBaseInit+0x22>
 8be:	21ba                	lhu	a4,2(a1)
 8c0:	f8f7f793          	andi	a5,a5,-113
 8c4:	8fd9                	or	a5,a5,a4
 8c6:	21fa                	lhu	a4,6(a1)
 8c8:	cff7f793          	andi	a5,a5,-769
 8cc:	07c2                	slli	a5,a5,0x10
 8ce:	83c1                	srli	a5,a5,0x10
 8d0:	8fd9                	or	a5,a5,a4
 8d2:	a11e                	sh	a5,0(a0)
 8d4:	21de                	lhu	a5,4(a1)
 8d6:	b55e                	sh	a5,44(a0)
 8d8:	219e                	lhu	a5,0(a1)
 8da:	b51e                	sh	a5,40(a0)
 8dc:	400137b7          	lui	a5,0x40013
 8e0:	c0078793          	addi	a5,a5,-1024 # 40012c00 <__global_pointer$+0x200123e8>
 8e4:	00f51463          	bne	a0,a5,8ec <TIM_TimeBaseInit+0x48>
 8e8:	259c                	lbu	a5,8(a1)
 8ea:	b91e                	sh	a5,48(a0)
 8ec:	4785                	li	a5,1
 8ee:	a95e                	sh	a5,20(a0)
 8f0:	8082                	ret

000008f2 <TIM_Cmd>:
 8f2:	211e                	lhu	a5,0(a0)
 8f4:	c589                	beqz	a1,8fe <TIM_Cmd+0xc>
 8f6:	0017e793          	ori	a5,a5,1
 8fa:	a11e                	sh	a5,0(a0)
 8fc:	8082                	ret
 8fe:	07c2                	slli	a5,a5,0x10
 900:	83c1                	srli	a5,a5,0x10
 902:	9bf9                	andi	a5,a5,-2
 904:	07c2                	slli	a5,a5,0x10
 906:	83c1                	srli	a5,a5,0x10
 908:	bfcd                	j	8fa <TIM_Cmd+0x8>

0000090a <TIM_InternalClockConfig>:
 90a:	251e                	lhu	a5,8(a0)
 90c:	07c2                	slli	a5,a5,0x10
 90e:	83c1                	srli	a5,a5,0x10
 910:	9be1                	andi	a5,a5,-8
 912:	07c2                	slli	a5,a5,0x10
 914:	83c1                	srli	a5,a5,0x10
 916:	a51e                	sh	a5,8(a0)
 918:	8082                	ret

0000091a <TIM_UpdateRequestConfig>:
 91a:	211e                	lhu	a5,0(a0)
 91c:	c589                	beqz	a1,926 <TIM_UpdateRequestConfig+0xc>
 91e:	0047e793          	ori	a5,a5,4
 922:	a11e                	sh	a5,0(a0)
 924:	8082                	ret
 926:	07c2                	slli	a5,a5,0x10
 928:	83c1                	srli	a5,a5,0x10
 92a:	9bed                	andi	a5,a5,-5
 92c:	07c2                	slli	a5,a5,0x10
 92e:	83c1                	srli	a5,a5,0x10
 930:	bfcd                	j	922 <TIM_UpdateRequestConfig+0x8>

00000932 <TIM_SelectOutputTrigger>:
 932:	215e                	lhu	a5,4(a0)
 934:	07c2                	slli	a5,a5,0x10
 936:	83c1                	srli	a5,a5,0x10
 938:	f8f7f793          	andi	a5,a5,-113
 93c:	07c2                	slli	a5,a5,0x10
 93e:	83c1                	srli	a5,a5,0x10
 940:	a15e                	sh	a5,4(a0)
 942:	215e                	lhu	a5,4(a0)
 944:	8ddd                	or	a1,a1,a5
 946:	a14e                	sh	a1,4(a0)
 948:	8082                	ret
	...
